PLINK v2.00a6 AVX2 (23 Nov 2023)
Options in effect:
  --extract data/chr17_pruned.prune.in
  --out results/chr17_pca
  --pca 20
  --pfile data/chr17_qcd_nodup

Hostname: LAPTOP-BJI1DBN8
Working directory: /home/alice/bioinformatics_data/germline_qc_pipeline
Start time: Fri Apr 10 10:54:35 2026

Random number seed: 1775811275
3597 MiB RAM detected, ~3207 available; reserving 1798 MiB for main workspace.
Using up to 12 threads (change this with --threads).
2504 samples (0 females, 0 males, 2504 ambiguous; 2504 founders) loaded from
data/chr17_qcd_nodup.psam.
286717 variants loaded from data/chr17_qcd_nodup.pvar.
Note: No phenotype data present.
--extract: 47496 variants remaining.
Calculating allele frequencies... done.
47496 variants remaining after main filters.
Constructing GRM: done.
Extracting eigenvalues and eigenvectors... done.
--pca: Eigenvectors written to results/chr17_pca.eigenvec , and eigenvalues
written to results/chr17_pca.eigenval .

End time: Fri Apr 10 10:55:00 2026
